14:37:28.961 [main] INFO  c.c.e.s.a.ServerStartApplication:648- No active profile set, falling back to default profiles: default
14:37:31.065 [main] WARN  c.n.c.sources.URLConfigurationSource:121- No URLs will be polled as dynamic configuration sources.
14:37:31.066 [main] INFO  c.n.c.sources.URLConfigurationSource:122- To enable URLs as dynamic configuration sources, define System property archaius.configurationSource.additionalUrls or make config.properties available on classpath.
14:37:31.083 [main] INFO  c.n.config.DynamicPropertyFactory:281- DynamicPropertyFactory is initialized with configuration sources: com.netflix.config.ConcurrentCompositeConfiguration@2ae62bb6
14:37:32.342 [main] INFO  c.s.j.s.i.a.WebApplicationImpl:815- Initiating Jersey application, version 'Jersey: 1.19.1 03/11/2016 02:08 PM'
14:37:32.408 [main] INFO  c.n.d.p.DiscoveryJerseyProvider:70- Using JSON encoding codec LegacyJacksonJson
14:37:32.410 [main] INFO  c.n.d.p.DiscoveryJerseyProvider:71- Using JSON decoding codec LegacyJacksonJson
14:37:32.568 [main] INFO  c.n.d.p.DiscoveryJerseyProvider:80- Using XML encoding codec XStreamXml
14:37:32.568 [main] INFO  c.n.d.p.DiscoveryJerseyProvider:81- Using XML decoding codec XStreamXml
14:37:32.952 [main] WARN  c.n.c.sources.URLConfigurationSource:121- No URLs will be polled as dynamic configuration sources.
14:37:32.952 [main] INFO  c.n.c.sources.URLConfigurationSource:122- To enable URLs as dynamic configuration sources, define System property archaius.configurationSource.additionalUrls or make config.properties available on classpath.
14:37:34.546 [main] INFO  c.netflix.discovery.DiscoveryClient:365- Initializing Eureka in region us-east-1
14:37:34.547 [main] INFO  c.netflix.discovery.DiscoveryClient:368- Client configured to neither register nor query for data.
14:37:34.561 [main] INFO  c.netflix.discovery.DiscoveryClient:381- Discovery Client initialized at timestamp 1583735854560 with initial instances count: 0
14:37:34.611 [main] INFO  c.n.e.DefaultEurekaServerContext:63- Initializing ...
14:37:34.615 [main] INFO  c.n.eureka.cluster.PeerEurekaNodes:187- Adding new peer nodes [http://localhost:8761/eureka/]
14:37:34.796 [main] INFO  c.n.d.p.DiscoveryJerseyProvider:70- Using JSON encoding codec LegacyJacksonJson
14:37:34.796 [main] INFO  c.n.d.p.DiscoveryJerseyProvider:71- Using JSON decoding codec LegacyJacksonJson
14:37:34.797 [main] INFO  c.n.d.p.DiscoveryJerseyProvider:80- Using XML encoding codec XStreamXml
14:37:34.797 [main] INFO  c.n.d.p.DiscoveryJerseyProvider:81- Using XML decoding codec XStreamXml
14:37:34.916 [main] INFO  c.n.eureka.cluster.PeerEurekaNodes:109- Replica node URL:  http://localhost:8761/eureka/
14:37:34.926 [main] INFO  c.n.e.r.AbstractInstanceRegistry:151- Finished initializing remote region registries. All known remote regions: []
14:37:34.927 [main] INFO  c.n.e.DefaultEurekaServerContext:70- Initialized
14:37:35.049 [Thread-15] INFO  c.n.e.r.PeerAwareInstanceRegistryImpl:241- Got 1 instances from neighboring DS node
14:37:35.049 [Thread-15] INFO  c.n.e.r.PeerAwareInstanceRegistryImpl:242- Renew threshold is: 1
14:37:35.050 [Thread-15] INFO  c.n.e.r.PeerAwareInstanceRegistryImpl:253- Changing status to UP
14:37:35.939 [main] INFO  c.c.e.s.a.ServerStartApplication:59- Started ServerStartApplication in 9.529 seconds (JVM running for 10.037)
14:38:35.052 [Eureka-EvictionTimer] INFO  c.n.e.r.AbstractInstanceRegistry:1250- Running the evict task with compensationTime 0ms
14:39:35.052 [Eureka-EvictionTimer] INFO  c.n.e.r.AbstractInstanceRegistry:1250- Running the evict task with compensationTime 0ms
14:40:35.053 [Eureka-EvictionTimer] INFO  c.n.e.r.AbstractInstanceRegistry:1250- Running the evict task with compensationTime 0ms
14:41:35.053 [Eureka-EvictionTimer] INFO  c.n.e.r.AbstractInstanceRegistry:1250- Running the evict task with compensationTime 0ms
14:42:35.053 [Eureka-EvictionTimer] INFO  c.n.e.r.AbstractInstanceRegistry:1250- Running the evict task with compensationTime 0ms
14:43:35.054 [Eureka-EvictionTimer] INFO  c.n.e.r.AbstractInstanceRegistry:1250- Running the evict task with compensationTime 0ms
14:44:35.054 [Eureka-EvictionTimer] INFO  c.n.e.r.AbstractInstanceRegistry:1250- Running the evict task with compensationTime 0ms
14:45:35.055 [Eureka-EvictionTimer] INFO  c.n.e.r.AbstractInstanceRegistry:1250- Running the evict task with compensationTime 0ms
14:46:35.055 [Eureka-EvictionTimer] INFO  c.n.e.r.AbstractInstanceRegistry:1250- Running the evict task with compensationTime 0ms
14:47:35.056 [Eureka-EvictionTimer] INFO  c.n.e.r.AbstractInstanceRegistry:1250- Running the evict task with compensationTime 0ms
14:48:35.056 [Eureka-EvictionTimer] INFO  c.n.e.r.AbstractInstanceRegistry:1250- Running the evict task with compensationTime 0ms
14:49:35.057 [Eureka-EvictionTimer] INFO  c.n.e.r.AbstractInstanceRegistry:1250- Running the evict task with compensationTime 0ms
14:50:35.058 [Eureka-EvictionTimer] INFO  c.n.e.r.AbstractInstanceRegistry:1250- Running the evict task with compensationTime 0ms
14:51:35.076 [Eureka-EvictionTimer] INFO  c.n.e.r.AbstractInstanceRegistry:1250- Running the evict task with compensationTime 18ms
14:52:34.926 [ReplicaAwareInstanceRegistry - RenewalThresholdUpdater] INFO  c.n.e.r.PeerAwareInstanceRegistryImpl:539- Current renewal threshold is : 1
14:52:35.077 [Eureka-EvictionTimer] INFO  c.n.e.r.AbstractInstanceRegistry:1250- Running the evict task with compensationTime 0ms
14:53:35.077 [Eureka-EvictionTimer] INFO  c.n.e.r.AbstractInstanceRegistry:1250- Running the evict task with compensationTime 0ms
14:54:35.078 [Eureka-EvictionTimer] INFO  c.n.e.r.AbstractInstanceRegistry:1250- Running the evict task with compensationTime 0ms
